<?xml version="1.0" encoding="UTF-8"?>
<testsuites name="TS-01" time="61.355" tests="2" failures="0" errors="0">
   <testsuite name="TS-01" tests="2" failures="0" errors="0" time="61.355" timestamp="2020-10-11 22:19:22" hostname="mt2-pc - mt2-PC" id="Test Suites/TS-01">
      <properties>
         <property name="deviceName" value=""/>
         <property name="devicePlatform" value=""/>
         <property name="logFolder" value="C:\\Users\\tmtru\\Katalon Studio\\Lab04-4301104192-SoftwareTesting\\Reports\\20201011_221912\\TS-01\\20201011_221912"/>
         <property name="logFiles" value="C:\\Users\\tmtru\\Katalon Studio\\Lab04-4301104192-SoftwareTesting\\Reports\\20201011_221912\\TS-01\\20201011_221912\\execution0.log"/>
         <property name="attachments" value=""/>
         <property name="hostName" value="mt2-pc - mt2-PC"/>
         <property name="os" value="Windows 10 64bit"/>
         <property name="katalonVersion" value="7.7.1.205"/>
         <property name="browser" value="Edge Chromium 85"/>
         <property name="hostAddress" value="192.168.0.108"/>
         <property name="sessionId" value="a9df76d92e67617f755906e3ee6efb01"/>
         <property name="seleniumVersion" value="3.141.59"/>
         <property name="proxyInformation" value="ProxyInformation { proxyOption=NO_PROXY, proxyServerType=HTTP, username=, password=********, proxyServerAddress=, proxyServerPort=0, executionList=&quot;&quot;, isApplyToDesiredCapabilities=true }"/>
         <property name="platform" value="Windows 10"/>
      </properties>
      <testcase name="Test Cases/TC-01-Login_success" time="18.303" classname="Test Cases/TC-01-Login_success" status="PASSED">
         <system-out><![CDATA[2020-10-11 22:19:23 - [TEST_CASE][PASSED] - Test Cases/TC-01-Login_success: Test Cases/TC-01-Login_success

2020-10-11 22:19:24 - [TEST_STEP][PASSED] - openBrowser(""): Browser is opened with url: ''

2020-10-11 22:19:25 - [MESSAGE][INFO] - Starting 'Edge' driver

2020-10-11 22:19:26 - [MESSAGE][INFO] - Action delay is set to 0 milliseconds

2020-10-11 22:19:33 - [MESSAGE][PASSED] - Browser is opened with url: ''

2020-10-11 22:19:33 - [TEST_STEP][PASSED] - navigateToUrl(URL): Navigate to 'https://online.hcmue.edu.vn' successfully

2020-10-11 22:19:36 - [MESSAGE][PASSED] - Navigate to 'https://online.hcmue.edu.vn' successfully

2020-10-11 22:19:36 - [TEST_STEP][PASSED] - click(findTestObject("Object Repository/Page_UP Portal  HoChiMinh University of Pedagogy/a_ng nhp")): Object: 'Object Repository/Page_UP Portal  HoChiMinh University of Pedagogy/a_ng nhp' is clicked on

2020-10-11 22:19:37 - [MESSAGE][PASSED] - Object: 'Object Repository/Page_UP Portal  HoChiMinh University of Pedagogy/a_ng nhp' is clicked on

2020-10-11 22:19:37 - [TEST_STEP][PASSED] - setText(findTestObject("Object Repository/Page_UP Portal  HoChiMinh University of Pedagogy/input_Tn ng nhp_ctl00ContentPlaceHolder1ctl_537cb7"), Correct_username): Text '43.01.104.192' is set on object 'Object Repository/Page_UP Portal  HoChiMinh University of Pedagogy/input_Tn ng nhp_ctl00ContentPlaceHolder1ctl_537cb7'

2020-10-11 22:19:38 - [MESSAGE][PASSED] - Text '43.01.104.192' is set on object 'Object Repository/Page_UP Portal  HoChiMinh University of Pedagogy/input_Tn ng nhp_ctl00ContentPlaceHolder1ctl_537cb7'

2020-10-11 22:19:38 - [TEST_STEP][PASSED] - setEncryptedText(findTestObject("Object Repository/Page_UP Portal  HoChiMinh University of Pedagogy/input_Mt m_ctl00ContentPlaceHolder1ctl00ctl_4544f5"), "5vJKaXUCDfnDKx/phgipKA=="): Text ****** has been set on object 'Object Repository/Page_UP Portal  HoChiMinh University of Pedagogy/input_Mt m_ctl00ContentPlaceHolder1ctl00ctl_4544f5'

2020-10-11 22:19:38 - [MESSAGE][PASSED] - Text ****** has been set on object 'Object Repository/Page_UP Portal  HoChiMinh University of Pedagogy/input_Mt m_ctl00ContentPlaceHolder1ctl00ctl_4544f5'

2020-10-11 22:19:38 - [TEST_STEP][PASSED] - click(findTestObject("Object Repository/Page_UP Portal  HoChiMinh University of Pedagogy/input_S lng truy cp _ctl00ContentPlaceHolde_c71575")): Object: 'Object Repository/Page_UP Portal  HoChiMinh University of Pedagogy/input_S lng truy cp _ctl00ContentPlaceHolde_c71575' is clicked on

2020-10-11 22:19:39 - [MESSAGE][PASSED] - Object: 'Object Repository/Page_UP Portal  HoChiMinh University of Pedagogy/input_S lng truy cp _ctl00ContentPlaceHolde_c71575' is clicked on

2020-10-11 22:19:39 - [TEST_STEP][PASSED] - waitForElementPresent(findTestObject("Page_UP Portal  HoChiMinh University of Pedagogy/span_THNG BAO SINH VIN"), 30): Object 'Object Repository/Page_UP Portal  HoChiMinh University of Pedagogy/span_THNG BAO SINH VIN' is present

2020-10-11 22:19:40 - [MESSAGE][PASSED] - Object 'Object Repository/Page_UP Portal  HoChiMinh University of Pedagogy/span_THNG BAO SINH VIN' is present

2020-10-11 22:19:40 - [TEST_STEP][PASSED] - verifyElementText(findTestObject("Object Repository/Page_UP Portal  HoChiMinh University of Pedagogy/span_THNG BAO SINH VIN"), "THÔNG BÁO SINH VIÊN"): Actual text and expected text of test object 'Object Repository/Page_UP Portal  HoChiMinh University of Pedagogy/span_THNG BAO SINH VIN' are matched.

2020-10-11 22:19:40 - [MESSAGE][PASSED] - Actual text and expected text of test object 'Object Repository/Page_UP Portal  HoChiMinh University of Pedagogy/span_THNG BAO SINH VIN' are matched.

2020-10-11 22:19:40 - [TEST_STEP][PASSED] - closeBrowser(): Browser is closed

2020-10-11 22:19:41 - [MESSAGE][PASSED] - Browser is closed]]></system-out>
         <system-err><![CDATA[]]></system-err>
      </testcase>
      <testcase name="Test Cases/TC-02-Login_fail" time="41.716" classname="Test Cases/TC-02-Login_fail" status="PASSED">
         <system-out><![CDATA[2020-10-11 22:19:41 - [TEST_CASE][PASSED] - Test Cases/TC-02-Login_fail: Test Cases/TC-02-Login_fail

2020-10-11 22:19:42 - [TEST_STEP][PASSED] - openBrowser(""): Browser is opened with url: ''

2020-10-11 22:19:42 - [MESSAGE][INFO] - Starting 'Edge' driver

2020-10-11 22:19:43 - [MESSAGE][INFO] - Action delay is set to 0 milliseconds

2020-10-11 22:19:47 - [MESSAGE][PASSED] - Browser is opened with url: ''

2020-10-11 22:19:47 - [TEST_STEP][PASSED] - navigateToUrl("https://online.hcmue.edu.vn/"): Navigate to 'https://online.hcmue.edu.vn/' successfully

2020-10-11 22:19:49 - [MESSAGE][PASSED] - Navigate to 'https://online.hcmue.edu.vn/' successfully

2020-10-11 22:19:49 - [TEST_STEP][PASSED] - click(findTestObject("Object Repository/Page_UP Portal  HoChiMinh University of Pedagogy/a_ng nhp")): Object: 'Object Repository/Page_UP Portal  HoChiMinh University of Pedagogy/a_ng nhp' is clicked on

2020-10-11 22:19:49 - [MESSAGE][PASSED] - Object: 'Object Repository/Page_UP Portal  HoChiMinh University of Pedagogy/a_ng nhp' is clicked on

2020-10-11 22:19:49 - [TEST_STEP][PASSED] - setText(findTestObject("Object Repository/Page_UP Portal  HoChiMinh University of Pedagogy/input_Tn ng nhp_ctl00ContentPlaceHolder1ctl_537cb7"), "43.01.104.193"): Text '43.01.104.193' is set on object 'Object Repository/Page_UP Portal  HoChiMinh University of Pedagogy/input_Tn ng nhp_ctl00ContentPlaceHolder1ctl_537cb7'

2020-10-11 22:19:50 - [MESSAGE][PASSED] - Text '43.01.104.193' is set on object 'Object Repository/Page_UP Portal  HoChiMinh University of Pedagogy/input_Tn ng nhp_ctl00ContentPlaceHolder1ctl_537cb7'

2020-10-11 22:19:50 - [TEST_STEP][PASSED] - setEncryptedText(findTestObject("Object Repository/Page_UP Portal  HoChiMinh University of Pedagogy/input_Mt m_ctl00ContentPlaceHolder1ctl00ctl_4544f5"), "yHNXnAiDau/sbxDLwMGHaw=="): Text ****** has been set on object 'Object Repository/Page_UP Portal  HoChiMinh University of Pedagogy/input_Mt m_ctl00ContentPlaceHolder1ctl00ctl_4544f5'

2020-10-11 22:19:50 - [MESSAGE][PASSED] - Text ****** has been set on object 'Object Repository/Page_UP Portal  HoChiMinh University of Pedagogy/input_Mt m_ctl00ContentPlaceHolder1ctl00ctl_4544f5'

2020-10-11 22:19:50 - [TEST_STEP][PASSED] - click(findTestObject("Object Repository/Page_UP Portal  HoChiMinh University of Pedagogy/input_S lng truy cp _ctl00ContentPlaceHolde_c71575")): Object: 'Object Repository/Page_UP Portal  HoChiMinh University of Pedagogy/input_S lng truy cp _ctl00ContentPlaceHolde_c71575' is clicked on

2020-10-11 22:19:51 - [MESSAGE][PASSED] - Object: 'Object Repository/Page_UP Portal  HoChiMinh University of Pedagogy/input_S lng truy cp _ctl00ContentPlaceHolde_c71575' is clicked on

2020-10-11 22:19:51 - [TEST_STEP][PASSED] - waitForElementPresent(findTestObject("Page_UP Portal  HoChiMinh University of Pedagogy/span_THNG BAO SINH VIN"), 30): Object 'Object Repository/Page_UP Portal  HoChiMinh University of Pedagogy/span_THNG BAO SINH VIN' is not present after 30 second(s)

2020-10-11 22:20:22 - [MESSAGE][INFO] - Unable to find the element located by 'By.xpath: //span[@id='ContentPlaceHolder1_ctl00_ctl00_ctl00_lblThongbao']'. Please recheck the objects properties to make sure the desired element is located. 

2020-10-11 22:20:22 - [MESSAGE][WARNING] - Object 'Object Repository/Page_UP Portal  HoChiMinh University of Pedagogy/span_THNG BAO SINH VIN' is not present after 30 second(s)

2020-10-11 22:20:22 - [TEST_STEP][PASSED] - verifyElementNotPresent(findTestObject("Page_UP Portal  HoChiMinh University of Pedagogy/span_THNG BAO SINH VIN"), 0): Web element with id: 'Object Repository/Page_UP Portal  HoChiMinh University of Pedagogy/span_THNG BAO SINH VIN' located by 'By.xpath: //span[@id='ContentPlaceHolder1_ctl00_ctl00_ctl00_lblThongbao']' is not present after '30' second(s)

2020-10-11 22:20:22 - [MESSAGE][WARNING] - Timeout '0' is invalid. Using default page load timeout: '30'

2020-10-11 22:20:22 - [MESSAGE][PASSED] - Web element with id: 'Object Repository/Page_UP Portal  HoChiMinh University of Pedagogy/span_THNG BAO SINH VIN' located by 'By.xpath: //span[@id='ContentPlaceHolder1_ctl00_ctl00_ctl00_lblThongbao']' is not present after '30' second(s)

2020-10-11 22:20:22 - [TEST_STEP][PASSED] - closeBrowser(): Browser is closed

2020-10-11 22:20:23 - [MESSAGE][PASSED] - Browser is closed]]></system-out>
         <system-err><![CDATA[]]></system-err>
      </testcase>
      <system-out><![CDATA[2020-10-11 22:19:22 - [TEST_SUITE][PASSED] - TS-01: Test Cases/TC-02-Login_fail]]></system-out>
      <system-err><![CDATA[]]></system-err>
   </testsuite>
</testsuites>
